#
# A fatal error has been detected by the Java Runtime Environment:
#
#  Internal Error (jvmtiRedefineClasses.cpp:1518), pid=4665, tid=2362108736
#  guarantee(false) failed: insert_space_at() failed
#
# JRE version: 7.0_21-b11
# Java VM: Java HotSpot(TM) Server VM (23.21-b01 mixed mode linux-x86 )
# Failed to write core dump. Core dumps have been disabled. To enable core dumping, try "ulimit -c unlimited" before starting Java again
#
# If you would like to submit a bug report, please visit:
#   http://bugreport.sun.com/bugreport/crash.jsp
#

---------------  T H R E A D  ---------------

Current thread (0x8cfec400):  JavaThread "JDWP Transport Listener: dt_socket" daemon [_thread_in_vm, id=4682, stack(0x8cc5e000,0x8ccaf000)]

Stack: [0x8cc5e000,0x8ccaf000],  sp=0x8ccad830,  free space=318k
Native frames: (J=compiled Java code, j=interpreted, Vv=VM code, C=native code)
V  [libjvm.so+0x722359]  VMError::report_and_die()+0x199
V  [libjvm.so+0x2e8f49]  report_vm_error(char const*, int, char const*, char const*)+0x49
V  [libjvm.so+0x4e174b]  VM_RedefineClasses::rewrite_cp_refs_in_method(methodHandle, methodHandle*, Thread*)+0x2ab
V  [libjvm.so+0x4e4a34]  VM_RedefineClasses::rewrite_cp_refs_in_methods(instanceKlassHandle, Thread*)+0xf4
V  [libjvm.so+0x4e4ba7]  VM_RedefineClasses::rewrite_cp_refs(instanceKlassHandle, Thread*)+0x17
V  [libjvm.so+0x4e710a]  VM_RedefineClasses::merge_cp_and_rewrite(instanceKlassHandle, instanceKlassHandle, Thread*)+0x32a
V  [libjvm.so+0x4e776e]  VM_RedefineClasses::load_new_class_versions(Thread*)+0x41e
V  [libjvm.so+0x4e8033]  VM_RedefineClasses::doit_prologue()+0xa3
V  [libjvm.so+0x72c521]  VMThread::execute(VM_Operation*)+0x161
V  [libjvm.so+0x4ba49f]  JvmtiEnv::RedefineClasses(int, _jvmtiClassDefinition const*)+0x2f
V  [libjvm.so+0x488992]  jvmti_RedefineClasses+0x242
C  [libjdwp.so+0xc08a]  redefineClasses+0x21a
C  [libjdwp.so+0x12723]  debugLoop_run+0x303
C  [libjdwp.so+0x26e6f]  connectionInitiated+0xbf
C  [libjdwp.so+0x26eb0]  attachThread+0x30
V  [libjvm.so+0x4d84cc]  JvmtiAgentThread::call_start_function()+0x9c
V  [libjvm.so+0x6e4944]  JavaThread::thread_main_inner()+0xf4
V  [libjvm.so+0x6e4ad1]  JavaThread::run()+0x161
V  [libjvm.so+0x5e1091]  java_start(Thread*)+0x111
C  [libpthread.so.0+0x6d78]  start_thread+0xd8


---------------  P R O C E S S  ---------------

Java Threads: ( => current thread )
  0x8f042800 JavaThread "Code server for loni_pipeline_server_terminal from Mozilla/5.0 (X11; Ubuntu; Linux i686; rv:20.0) Gecko/20100101 Firefox/20.0 on http://127.0.0.1:8888/LONI_Pipeline_Server_Terminal.html?gwt.codesvr=127.0.0.1:9997 @ Tut-t[O(&76O5kGt" daemon [_thread_in_native, id=5454, stack(0x8680d000,0x8685e000)]
  0x8b620000 JavaThread "29019271@qtp-26069042-24" [_thread_blocked, id=5426, stack(0x840af000,0x84100000)]
  0x8b49c400 JavaThread "1743726@qtp-26069042-23" [_thread_blocked, id=5425, stack(0x84c0d000,0x84c5e000)]
  0x8b49b000 JavaThread "6378546@qtp-26069042-22" [_thread_blocked, id=5424, stack(0x84c5e000,0x84caf000)]
  0x8a8ae000 JavaThread "28917095@qtp-26069042-21" [_thread_blocked, id=5423, stack(0x84caf000,0x84d00000)]
  0x8b52ac00 JavaThread "25169246@qtp-26069042-20" [_thread_blocked, id=5422, stack(0x8671a000,0x8676b000)]
  0x8bcc6800 JavaThread "Code server for loni_pipeline_server_terminal from Mozilla/5.0 (X11; Ubuntu; Linux i686; rv:20.0) Gecko/20100101 Firefox/20.0 on http://127.0.0.1:8888/LONI_Pipeline_Server_Terminal.html?gwt.codesvr=127.0.0.1:9997 @ rKf8H@),RV$71.*c" daemon [_thread_in_native, id=5411, stack(0x8676b000,0x867bc000)]
  0x8b531400 JavaThread "9698698@qtp-26069042-19" [_thread_blocked, id=5410, stack(0x867bc000,0x8680d000)]
  0x8a8ae800 JavaThread "22160988@qtp-26069042-17" [_thread_blocked, id=5408, stack(0x8b70d000,0x8b75e000)]
  0x8a3ff400 JavaThread "15565162@qtp-26069042-16" [_thread_blocked, id=5407, stack(0x8bf5e000,0x8bfaf000)]
  0x8b4df400 JavaThread "21152137@qtp-26069042-15" [_thread_blocked, id=5349, stack(0x8685e000,0x868af000)]
  0x8baa3800 JavaThread "Code server for loni_pipeline_server_terminal from Mozilla/5.0 (X11; Ubuntu; Linux i686; rv:20.0) Gecko/20100101 Firefox/20.0 on http://127.0.0.1:8888/LONI_Pipeline_Server_Terminal.html?gwt.codesvr=127.0.0.1:9997 @ ;>j;f!o%[>F2rj|P" daemon [_thread_in_native, id=5338, stack(0x8ab5e000,0x8abaf000)]
  0x89751400 JavaThread "Code server for loni_pipeline_server_terminal from Mozilla/5.0 (X11; Ubuntu; Linux i686; rv:20.0) Gecko/20100101 Firefox/20.0 on http://127.0.0.1:8888/LONI_Pipeline_Server_Terminal.html?gwt.codesvr=127.0.0.1:9997 @ HQc84&')}L0G>OHL" daemon [_thread_in_native, id=5259, stack(0x8a6af000,0x8a700000)]
  0x8ba46400 JavaThread "Code server for loni_pipeline_server_terminal from Mozilla/5.0 (X11; Ubuntu; Linux i686; rv:20.0) Gecko/20100101 Firefox/20.0 on http://127.0.0.1:8888/LONI_Pipeline_Server_Terminal.html?gwt.codesvr=127.0.0.1:9997 @ r9c4kWurAqL%|rU." daemon [_thread_in_native, id=5218, stack(0x8abaf000,0x8ac00000)]
  0x8a5d8400 JavaThread "Code server for loni_pipeline_server_terminal from Mozilla/5.0 (X11; Ubuntu; Linux i686; rv:20.0) Gecko/20100101 Firefox/20.0 on http://127.0.0.1:8888/LONI_Pipeline_Server_Terminal.html?gwt.codesvr=127.0.0.1:9997 @ (D"r&Jo\3D"M2j;'" daemon [_thread_in_native, id=5131, stack(0x8b75e000,0x8b7af000)]
  0x8a5d8000 JavaThread "Code server for loni_pipeline_server_terminal from Mozilla/5.0 (X11; Ubuntu; Linux i686; rv:20.0) Gecko/20100101 Firefox/20.0 on http://127.0.0.1:8888/LONI_Pipeline_Server_Terminal.html?gwt.codesvr=127.0.0.1:9997 @ B]*zJ6NbC$ox1m>#" daemon [_thread_in_native, id=5009, stack(0x868af000,0x86900000)]
  0x8b822c00 JavaThread "Code server for loni_pipeline_server_terminal from Mozilla/5.0 (X11; Ubuntu; Linux i686; rv:20.0) Gecko/20100101 Firefox/20.0 on http://127.0.0.1:8888/LONI_Pipeline_Server_Terminal.html?gwt.codesvr=127.0.0.1:9997 @ |N6QBlw)p*dv?z<Z" daemon [_thread_in_native, id=4972, stack(0x8a60d000,0x8a65e000)]
  0x8b8bcc00 JavaThread "Code server for loni_pipeline_server_terminal from Mozilla/5.0 (X11; Ubuntu; Linux i686; rv:20.0) Gecko/20100101 Firefox/20.0 on http://127.0.0.1:8888/LONI_Pipeline_Server_Terminal.html?gwt.codesvr=127.0.0.1:9997 @ 9gm|{Pi=ydvXt[LY" daemon [_thread_in_native, id=4931, stack(0x8a65e000,0x8a6af000)]
  0x8b52b400 JavaThread "1160206@qtp-26069042-10" [_thread_blocked, id=4926, stack(0x8ab0d000,0x8ab5e000)]
  0x8b824000 JavaThread "Code server for loni_pipeline_server_terminal from Mozilla/5.0 (X11; Ubuntu; Linux i686; rv:20.0) Gecko/20100101 Firefox/20.0 on http://127.0.0.1:8888/LONI_Pipeline_Server_Terminal.html?gwt.codesvr=127.0.0.1:9997 @ D@Q\$m8{FJI@[>jp" daemon [_thread_in_native, id=4779, stack(0x8b7af000,0x8b800000)]
  0x8bcf8400 JavaThread "Code server for loni_pipeline_server_terminal from Mozilla/5.0 (X11; Ubuntu; Linux i686; rv:20.0) Gecko/20100101 Firefox/20.0 on http://127.0.0.1:8888/LONI_Pipeline_Server_Terminal.html?gwt.codesvr=127.0.0.1:9997 @ g['M/e<%k@as``S9" daemon [_thread_in_native, id=4720, stack(0x8bbaf000,0x8bc00000)]
  0x89f1bc00 JavaThread "Timer-1" daemon [_thread_blocked, id=4707, stack(0x8ad36000,0x8ad87000)]
  0x8b0a1800 JavaThread "11733740@qtp-26069042-1 - Acceptor0 SelectChannelConnector@0.0.0.0:8888" [_thread_in_native, id=4706, stack(0x8bdaf000,0x8be00000)]
  0x8ee89c00 JavaThread "Timer-0" daemon [_thread_blocked, id=4701, stack(0x8bd0d000,0x8bd5e000)]
  0x8c0b6400 JavaThread "Code server listener" daemon [_thread_in_native, id=4700, stack(0x8bd5e000,0x8bdaf000)]
  0x8c08f000 JavaThread "pool-1-thread-1" [_thread_blocked, id=4698, stack(0x8bf0d000,0x8bf5e000)]
  0x8c066c00 JavaThread "Thread-2" daemon [_thread_blocked, id=4696, stack(0x8bfaf000,0x8c000000)]
  0x8c065400 JavaThread "Thread-1" [_thread_in_native, id=4695, stack(0x8c12c000,0x8c17d000)]
  0x8c3bfc00 JavaThread "Service Thread" daemon [_thread_blocked, id=4691, stack(0x8c41f000,0x8c470000)]
  0x8c3bd000 JavaThread "C2 CompilerThread1" daemon [_thread_blocked, id=4690, stack(0x8c1fe000,0x8c27f000)]
  0x8c3bb400 JavaThread "C2 CompilerThread0" daemon [_thread_blocked, id=4689, stack(0x8c27f000,0x8c300000)]
  0x8cd00800 JavaThread "JDWP Command Reader" daemon [_thread_in_native, id=4686, stack(0x8cbbc000,0x8cc0d000)]
  0x8cfeec00 JavaThread "JDWP Event Helper Thread" daemon [_thread_blocked, id=4685, stack(0x8cc0d000,0x8cc5e000)]
=>0x8cfec400 JavaThread "JDWP Transport Listener: dt_socket" daemon [_thread_in_vm, id=4682, stack(0x8cc5e000,0x8ccaf000)]
  0x8cfe2800 JavaThread "Signal Dispatcher" daemon [_thread_blocked, id=4680, stack(0x8ccaf000,0x8cd00000)]
  0x8cfa8000 JavaThread "Finalizer" daemon [_thread_blocked, id=4678, stack(0x8eb2e000,0x8eb7f000)]
  0x8cfa6400 JavaThread "Reference Handler" daemon [_thread_blocked, id=4677, stack(0x8ed2e000,0x8ed7f000)]
  0xb670b000 JavaThread "main" [_thread_blocked, id=4667, stack(0xb6827000,0xb6878000)]

Other Threads:
  0x8cfa0c00 VMThread [stack: 0x8d022000,0x8d0a3000] [id=4676]
  0x8c3ca400 WatcherThread [stack: 0x8c17d000,0x8c1fe000] [id=4692]

VM state:not at safepoint (normal execution)

VM Mutex/Monitor currently owned by a thread: None

Heap
 PSYoungGen      total 132480K, used 26652K [0xa88f0000, 0xb30d0000, 0xb3390000)
  eden space 93696K, 28% used [0xa88f0000,0xaa2f7298,0xae470000)
  from space 38784K, 0% used [0xb0af0000,0xb0af0000,0xb30d0000)
  to   space 39104K, 0% used [0xae470000,0xae470000,0xb0aa0000)
 ParOldGen       total 349568K, used 349566K [0x93390000, 0xa88f0000, 0xa88f0000)
  object space 349568K, 99% used [0x93390000,0xa88ef998,0xa88f0000)
 PSPermGen       total 65536K, used 65535K [0x8f390000, 0x93390000, 0x93390000)
  object space 65536K, 99% used [0x8f390000,0x9338fd30,0x93390000)

Card table byte_map: [0x8f26f000,0x8f390000] byte_map_base: 0x8edf5380

Polling page: 0xb76e3000

Code Cache  [0xb3451000, 0xb3a79000, 0xb6451000)
 total_blobs=1870 nmethods=1718 adapters=111 free_code_cache=42926Kb largest_free_block=43895808

Compilation events (10 events):
Event: 1022.929 Thread 0x8c3bd000 nmethod 1903 0xb3a43ac8 code [0xb3a43ba0, 0xb3a43bf0]
Event: 1022.929 Thread 0x8c3bd000 1904             com.google.gwt.dev.asm.FieldWriter::put (352 bytes)
Event: 1022.961 Thread 0x8c3bd000 nmethod 1904 0xb3a6b248 code [0xb3a6b640, 0xb3a6cf94]
Event: 1022.976 Thread 0x8c3bb400 nmethod 1902 0xb3a6ee48 code [0xb3a6f280, 0xb3a713e4]
Event: 1027.181 Thread 0x8c3bd000 1905             com.google.gwt.dev.javac.typemodel.JRealClassType::getEnclosingType (5 bytes)
Event: 1027.182 Thread 0x8c3bd000 nmethod 1905 0xb39e55c8 code [0xb39e56a0, 0xb39e56f0]
Event: 1029.918 Thread 0x8c3bb400 1906             com.google.gwt.thirdparty.guava.common.collect.CustomConcurrentHashMap$WeakValueReference::getEntry (5 bytes)
Event: 1029.918 Thread 0x8c3bb400 nmethod 1906 0xb39e76c8 code [0xb39e77a0, 0xb39e77f0]
Event: 1047.886 Thread 0x8c3bd000 1907             com.google.gwt.thirdparty.guava.common.collect.CustomConcurrentHashMap$WeakValueReference::copyFor (14 bytes)
Event: 1047.887 Thread 0x8c3bd000 nmethod 1907 0xb39e7448 code [0xb39e7540, 0xb39e7610]

GC Heap History (10 events):
Event: 1055.602 GC heap before
{Heap before GC invocations=120 (full 18):
 PSYoungGen      total 132480K, used 28773K [0xa88f0000, 0xb30d0000, 0xb3390000)
  eden space 93696K, 30% used [0xa88f0000,0xaa509570,0xae470000)
  from space 38784K, 0% used [0xb0af0000,0xb0af0000,0xb30d0000)
  to   space 39104K, 0% used [0xae470000,0xae470000,0xb0aa0000)
 ParOldGen       total 349568K, used 349566K [0x93390000, 0xa88f0000, 0xa88f0000)
  object space 349568K, 99% used [0x93390000,0xa88efa40,0xa88f0000)
 PSPermGen       total 65536K, used 65535K [0x8f390000, 0x93390000, 0x93390000)
  object space 65536K, 99% used [0x8f390000,0x9338ffc8,0x93390000)
Event: 1056.753 GC heap after
Heap after GC invocations=120 (full 18):
 PSYoungGen      total 132480K, used 25790K [0xa88f0000, 0xb30d0000, 0xb3390000)
  eden space 93696K, 27% used [0xa88f0000,0xaa21fbb8,0xae470000)
  from space 38784K, 0% used [0xb0af0000,0xb0af0000,0xb30d0000)
  to   space 39104K, 0% used [0xae470000,0xae470000,0xb0aa0000)
 ParOldGen       total 349568K, used 349567K [0x93390000, 0xa88f0000, 0xa88f0000)
  object space 349568K, 99% used [0x93390000,0xa88efc60,0xa88f0000)
 PSPermGen       total 65536K, used 65533K [0x8f390000, 0x93390000, 0x93390000)
  object space 65536K, 99% used [0x8f390000,0x9338f7b0,0x93390000)
}
Event: 1056.753 GC heap before
{Heap before GC invocations=121 (full 19):
 PSYoungGen      total 132480K, used 27149K [0xa88f0000, 0xb30d0000, 0xb3390000)
  eden space 93696K, 28% used [0xa88f0000,0xaa373528,0xae470000)
  from space 38784K, 0% used [0xb0af0000,0xb0af0000,0xb30d0000)
  to   space 39104K, 0% used [0xae470000,0xae470000,0xb0aa0000)
 ParOldGen       total 349568K, used 349567K [0x93390000, 0xa88f0000, 0xa88f0000)
  object space 349568K, 99% used [0x93390000,0xa88efc60,0xa88f0000)
 PSPermGen       total 65536K, used 65535K [0x8f390000, 0x93390000, 0x93390000)
  object space 65536K, 99% used [0x8f390000,0x9338fcb0,0x93390000)
Event: 1057.450 GC heap after
Heap after GC invocations=121 (full 19):
 PSYoungGen      total 132480K, used 25791K [0xa88f0000, 0xb30d0000, 0xb3390000)
  eden space 93696K, 27% used [0xa88f0000,0xaa21fdc8,0xae470000)
  from space 38784K, 0% used [0xb0af0000,0xb0af0000,0xb30d0000)
  to   space 39104K, 0% used [0xae470000,0xae470000,0xb0aa0000)
 ParOldGen       total 349568K, used 349567K [0x93390000, 0xa88f0000, 0xa88f0000)
  object space 349568K, 99% used [0x93390000,0xa88efc60,0xa88f0000)
 PSPermGen       total 65536K, used 65535K [0x8f390000, 0x93390000, 0x93390000)
  object space 65536K, 99% used [0x8f390000,0x9338fcb0,0x93390000)
}
Event: 1057.450 GC heap before
{Heap before GC invocations=122 (full 20):
 PSYoungGen      total 132480K, used 25791K [0xa88f0000, 0xb30d0000, 0xb3390000)
  eden space 93696K, 27% used [0xa88f0000,0xaa21fdc8,0xae470000)
  from space 38784K, 0% used [0xb0af0000,0xb0af0000,0xb30d0000)
  to   space 39104K, 0% used [0xae470000,0xae470000,0xb0aa0000)
 ParOldGen       total 349568K, used 349567K [0x93390000, 0xa88f0000, 0xa88f0000)
  object space 349568K, 99% used [0x93390000,0xa88efc60,0xa88f0000)
 PSPermGen       total 65536K, used 65535K [0x8f390000, 0x93390000, 0x93390000)
  object space 65536K, 99% used [0x8f390000,0x9338fcb0,0x93390000)
Event: 1058.391 GC heap after
Heap after GC invocations=122 (full 20):
 PSYoungGen      total 132480K, used 25297K [0xa88f0000, 0xb30d0000, 0xb3390000)
  eden space 93696K, 26% used [0xa88f0000,0xaa1a45d8,0xae470000)
  from space 38784K, 0% used [0xb0af0000,0xb0af0000,0xb30d0000)
  to   space 39104K, 0% used [0xae470000,0xae470000,0xb0aa0000)
 ParOldGen       total 349568K, used 349566K [0x93390000, 0xa88f0000, 0xa88f0000)
  object space 349568K, 99% used [0x93390000,0xa88ef9b8,0xa88f0000)
 PSPermGen       total 65536K, used 65345K [0x8f390000, 0x93390000, 0x93390000)
  object space 65536K, 99% used [0x8f390000,0x93360420,0x93390000)
}
Event: 1058.406 GC heap before
{Heap before GC invocations=123 (full 21):
 PSYoungGen      total 132480K, used 26714K [0xa88f0000, 0xb30d0000, 0xb3390000)
  eden space 93696K, 28% used [0xa88f0000,0xaa3068a0,0xae470000)
  from space 38784K, 0% used [0xb0af0000,0xb0af0000,0xb30d0000)
  to   space 39104K, 0% used [0xae470000,0xae470000,0xb0aa0000)
 ParOldGen       total 349568K, used 349566K [0x93390000, 0xa88f0000, 0xa88f0000)
  object space 349568K, 99% used [0x93390000,0xa88ef9b8,0xa88f0000)
 PSPermGen       total 65536K, used 65535K [0x8f390000, 0x93390000, 0x93390000)
  object space 65536K, 99% used [0x8f390000,0x9338fd30,0x93390000)
Event: 1059.634 GC heap after
Heap after GC invocations=123 (full 21):
 PSYoungGen      total 132480K, used 25292K [0xa88f0000, 0xb30d0000, 0xb3390000)
  eden space 93696K, 26% used [0xa88f0000,0xaa1a33c0,0xae470000)
  from space 38784K, 0% used [0xb0af0000,0xb0af0000,0xb30d0000)
  to   space 39104K, 0% used [0xae470000,0xae470000,0xb0aa0000)
 ParOldGen       total 349568K, used 349566K [0x93390000, 0xa88f0000, 0xa88f0000)
  object space 349568K, 99% used [0x93390000,0xa88ef998,0xa88f0000)
 PSPermGen       total 65536K, used 65535K [0x8f390000, 0x93390000, 0x93390000)
  object space 65536K, 99% used [0x8f390000,0x9338fd30,0x93390000)
}
Event: 1059.634 GC heap before
{Heap before GC invocations=124 (full 22):
 PSYoungGen      total 132480K, used 25292K [0xa88f0000, 0xb30d0000, 0xb3390000)
  eden space 93696K, 26% used [0xa88f0000,0xaa1a33c0,0xae470000)
  from space 38784K, 0% used [0xb0af0000,0xb0af0000,0xb30d0000)
  to   space 39104K, 0% used [0xae470000,0xae470000,0xb0aa0000)
 ParOldGen       total 349568K, used 349566K [0x93390000, 0xa88f0000, 0xa88f0000)
  object space 349568K, 99% used [0x93390000,0xa88ef998,0xa88f0000)
 PSPermGen       total 65536K, used 65535K [0x8f390000, 0x93390000, 0x93390000)
  object space 65536K, 99% used [0x8f390000,0x9338fd30,0x93390000)
Event: 1060.377 GC heap after
Heap after GC invocations=124 (full 22):
 PSYoungGen      total 132480K, used 25292K [0xa88f0000, 0xb30d0000, 0xb3390000)
  eden space 93696K, 26% used [0xa88f0000,0xaa1a3148,0xae470000)
  from space 38784K, 0% used [0xb0af0000,0xb0af0000,0xb30d0000)
  to   space 39104K, 0% used [0xae470000,0xae470000,0xb0aa0000)
 ParOldGen       total 349568K, used 349566K [0x93390000, 0xa88f0000, 0xa88f0000)
  object space 349568K, 99% used [0x93390000,0xa88ef998,0xa88f0000)
 PSPermGen       total 65536K, used 65535K [0x8f390000, 0x93390000, 0x93390000)
  object space 65536K, 99% used [0x8f390000,0x9338fd30,0x93390000)
}

Deoptimization events (10 events):
Event: 1023.762 Thread 0x8f042800 Uncommon trap -89 fr.pc 0xb3a27280
Event: 1023.767 Thread 0x8f042800 Uncommon trap -42 fr.pc 0xb3704244
Event: 1023.773 Thread 0x8f042800 Uncommon trap -42 fr.pc 0xb3704244
Event: 1037.680 Thread 0x8f042800 Uncommon trap -89 fr.pc 0xb385f0e8
Event: 1037.698 Thread 0x8f042800 Uncommon trap -89 fr.pc 0xb385f0e8
Event: 1037.789 Thread 0x8f042800 Uncommon trap -89 fr.pc 0xb385f0e8
Event: 1037.803 Thread 0x8f042800 Uncommon trap -89 fr.pc 0xb385f0e8
Event: 1058.392 Thread 0x89f1bc00 Uncommon trap -83 fr.pc 0xb36c2ff8
Event: 1058.392 Thread 0x8f042800 Uncommon trap -83 fr.pc 0xb3837eec
Event: 1058.392 Thread 0x8f042800 Uncommon trap -83 fr.pc 0xb3757b4c

Internal exceptions (10 events):
Event: 818.657 Thread 0x89751400 Threw 0xabf98c20 at /HUDSON/workspace/jdk7u21-2-build-linux-i586-product/jdk7u21/hotspot/src/share/vm/interpreter/interpreterRuntim
Event: 825.963 Thread 0x89751400 Threw 0xaa90d870 at /HUDSON/workspace/jdk7u21-2-build-linux-i586-product/jdk7u21/hotspot/src/share/vm/runtime/reflection.cpp:1039
Event: 865.794 Thread 0x8baa3800 Threw 0xac0a4f98 at /HUDSON/workspace/jdk7u21-2-build-linux-i586-product/jdk7u21/hotspot/src/share/vm/interpreter/interpreterRuntim
Event: 985.110 Thread 0x8bcc6800 Threw 0xabe8ecd8 at /HUDSON/workspace/jdk7u21-2-build-linux-i586-product/jdk7u21/hotspot/src/share/vm/interpreter/interpreterRuntim
Event: 1002.725 Thread 0x8bcc6800 Threw 0xaa223fb8 at /HUDSON/workspace/jdk7u21-2-build-linux-i586-product/jdk7u21/hotspot/src/share/vm/interpreter/linkResolver.cpp:
Event: 1002.741 Thread 0x8bcc6800 Threw 0xaa291200 at /HUDSON/workspace/jdk7u21-2-build-linux-i586-product/jdk7u21/hotspot/src/share/vm/interpreter/linkResolver.cpp:
Event: 1017.402 Thread 0x8f042800 Threw 0xacea91d8 at /HUDSON/workspace/jdk7u21-2-build-linux-i586-product/jdk7u21/hotspot/src/share/vm/interpreter/interpreterRuntim
Event: 1058.392 Thread 0x89f1bc00 Implicit null exception at 0xb36c2af1 to 0xb36c2fd9
Event: 1058.392 Thread 0x8f042800 Implicit null exception at 0xb3837a9f to 0xb3837ecd
Event: 1060.377 Thread 0x8cfec400 Threw 0x8f407560 at /HUDSON/workspace/jdk7u21-2-build-linux-i586-product/jdk7u21/hotspot/src/share/vm/gc_interface/collectedHeap.in

Events (10 events):
Event: 1056.753 Executing VM operation: ParallelGCFailedPermanentAllocation
Event: 1058.391 Executing VM operation: ParallelGCFailedPermanentAllocation done
Event: 1058.392 Thread 0x89f1bc00 DEOPT PACKING pc=0xb36c2ff8 sp=0x8ad85ac0
Event: 1058.392 Thread 0x89f1bc00 DEOPT UNPACKING pc=0xb347eefc sp=0x8ad85a48 mode 2
Event: 1058.392 Thread 0x8f042800 DEOPT PACKING pc=0xb3837eec sp=0x8685cbd0
Event: 1058.392 Thread 0x8f042800 DEOPT UNPACKING pc=0xb347eefc sp=0x8685cb88 mode 2
Event: 1058.392 Thread 0x8f042800 DEOPT PACKING pc=0xb3757b4c sp=0x8685c9d0
Event: 1058.392 Thread 0x8f042800 DEOPT UNPACKING pc=0xb347eefc sp=0x8685c9a0 mode 2
Event: 1058.405 Executing VM operation: ParallelGCFailedPermanentAllocation
Event: 1060.377 Executing VM operation: ParallelGCFailedPermanentAllocation done


Dynamic libraries:
08048000-08049000 r-xp 00000000 08:01 12851082   /usr/lib/jvm/java-7-oracle/bin/java
08049000-0804a000 rw-p 00000000 08:01 12851082   /usr/lib/jvm/java-7-oracle/bin/java
08771000-08e6f000 rw-p 00000000 00:00 0          [heap]
82100000-82200000 rw-p 00000000 00:00 0 
823c0000-82500000 rw-p 00000000 00:00 0 
82500000-82700000 rw-p 00000000 00:00 0 
82700000-82900000 rw-p 00000000 00:00 0 
82900000-82ae8000 rw-p 00000000 00:00 0 
82ae8000-82b00000 ---p 00000000 00:00 0 
82b00000-82d00000 rw-p 00000000 00:00 0 
82d00000-82f00000 rw-p 00000000 00:00 0 
82f00000-83100000 rw-p 00000000 00:00 0 
83100000-83300000 rw-p 00000000 00:00 0 
83300000-833fa000 rw-p 00000000 00:00 0 
833fa000-83400000 ---p 00000000 00:00 0 
83400000-83500000 rw-p 00000000 00:00 0 
83500000-836fa000 rw-p 00000000 00:00 0 
836fa000-83700000 ---p 00000000 00:00 0 
83700000-83800000 rw-p 00000000 00:00 0 
8386c000-83900000 rw-p 00000000 00:00 0 
83900000-839f1000 rw-p 00000000 00:00 0 
839f1000-83a00000 ---p 00000000 00:00 0 
83a00000-83ab0000 rw-p 00000000 00:00 0 
83ab0000-83b00000 ---p 00000000 00:00 0 
83b00000-83d00000 rw-p 00000000 00:00 0 
83d00000-83eeb000 rw-p 00000000 00:00 0 
83eeb000-83f00000 ---p 00000000 00:00 0 
83f00000-84000000 rw-p 00000000 00:00 0 
8405e000-84061000 ---p 00000000 00:00 0 
84061000-840af000 rw-p 00000000 00:00 0 
840af000-840b2000 ---p 00000000 00:00 0 
840b2000-84100000 rw-p 00000000 00:00 0          [stack:5426]
84100000-84300000 rw-p 00000000 00:00 0 
84300000-84500000 rw-p 00000000 00:00 0 
84500000-84700000 rw-p 00000000 00:00 0 
84700000-84900000 rw-p 00000000 00:00 0 
84900000-84b00000 rw-p 00000000 00:00 0 
84b00000-84c00000 rw-p 00000000 00:00 0 
84c0d000-84c10000 ---p 00000000 00:00 0 
84c10000-84c5e000 rw-p 00000000 00:00 0          [stack:5425]
84c5e000-84c61000 ---p 00000000 00:00 0 
84c61000-84caf000 rw-p 00000000 00:00 0          [stack:5424]
84caf000-84cb2000 ---p 00000000 00:00 0 
84cb2000-84d00000 rw-p 00000000 00:00 0          [stack:5423]
84d00000-84f00000 rw-p 00000000 00:00 0 
84f00000-850fb000 rw-p 00000000 00:00 0 
850fb000-85100000 ---p 00000000 00:00 0 
85100000-85300000 rw-p 00000000 00:00 0 
85300000-85500000 rw-p 00000000 00:00 0 
85500000-85700000 rw-p 00000000 00:00 0 
85700000-85900000 rw-p 00000000 00:00 0 
85900000-859ff000 rw-p 00000000 00:00 0 
859ff000-85a00000 ---p 00000000 00:00 0 
85a00000-85c00000 rw-p 00000000 00:00 0 
85c00000-85e00000 rw-p 00000000 00:00 0 
85e00000-86000000 rw-p 00000000 00:00 0 
86000000-86200000 rw-p 00000000 00:00 0 
86200000-86400000 rw-p 00000000 00:00 0 
86400000-86600000 rw-p 00000000 00:00 0 
86600000-866f9000 rw-p 00000000 00:00 0 
866f9000-86700000 ---p 00000000 00:00 0 
8671a000-8671d000 ---p 00000000 00:00 0 
8671d000-8676b000 rw-p 00000000 00:00 0          [stack:5422]
8676b000-8676e000 ---p 00000000 00:00 0 
8676e000-867bc000 rw-p 00000000 00:00 0          [stack:5411]
867bc000-867bf000 ---p 00000000 00:00 0 
867bf000-8680d000 rw-p 00000000 00:00 0          [stack:5410]
8680d000-86810000 ---p 00000000 00:00 0 
86810000-8685e000 rw-p 00000000 00:00 0          [stack:5454]
8685e000-86861000 ---p 00000000 00:00 0 
86861000-868af000 rw-p 00000000 00:00 0          [stack:5349]
868af000-868b2000 ---p 00000000 00:00 0 
868b2000-86900000 rw-p 00000000 00:00 0          [stack:5009]
86900000-86949000 rw-p 00000000 00:00 0 
86949000-86a00000 ---p 00000000 00:00 0 
86a00000-86a3e000 rw-p 00000000 00:00 0 
86a3e000-86b00000 ---p 00000000 00:00 0 
86b00000-86bfa000 rw-p 00000000 00:00 0 
86bfa000-86c00000 ---p 00000000 00:00 0 
86c00000-86cc4000 rw-p 00000000 00:00 0 
86cc4000-86d00000 ---p 00000000 00:00 0 
86d00000-86f00000 rw-p 00000000 00:00 0 
86f00000-87100000 rw-p 00000000 00:00 0 
87100000-872fa000 rw-p 00000000 00:00 0 
872fa000-87300000 ---p 00000000 00:00 0 
87300000-873fa000 rw-p 00000000 00:00 0 
873fa000-87400000 ---p 00000000 00:00 0 
87400000-874dd000 rw-p 00000000 00:00 0 
874dd000-87500000 ---p 00000000 00:00 0 
87500000-875c7000 rw-p 00000000 00:00 0 
875c7000-87600000 ---p 00000000 00:00 0 
87600000-876f9000 rw-p 00000000 00:00 0 
876f9000-87700000 ---p 00000000 00:00 0 
87700000-877fd000 rw-p 00000000 00:00 0 
877fd000-87800000 ---p 00000000 00:00 0 
87800000-879f0000 rw-p 00000000 00:00 0 
879f0000-87a00000 ---p 00000000 00:00 0 
87a00000-87c00000 rw-p 00000000 00:00 0 
87c00000-87e00000 rw-p 00000000 00:00 0 
87e00000-88000000 rw-p 00000000 00:00 0 
88000000-88200000 rw-p 00000000 00:00 0 
88200000-88400000 rw-p 00000000 00:00 0 
88400000-88600000 rw-p 00000000 00:00 0 
88600000-88800000 rw-p 00000000 00:00 0 
88800000-88a00000 rw-p 00000000 00:00 0 
88a00000-88afe000 rw-p 00000000 00:00 0 
88afe000-88b00000 ---p 00000000 00:00 0 
88b00000-88c00000 rw-p 00000000 00:00 0 
88c00000-88dfe000 rw-p 00000000 00:00 0 
88dfe000-88e00000 ---p 00000000 00:00 0 
88e00000-89000000 rw-p 00000000 00:00 0 
89000000-89200000 rw-p 00000000 00:00 0 
89200000-89400000 rw-p 00000000 00:00 0 
89400000-89700000 rw-p 00000000 00:00 0 
89700000-897fb000 rw-p 00000000 00:00 0 
897fb000-89800000 ---p 00000000 00:00 0 
89800000-898fd000 rw-p 00000000 00:00 0 
898fd000-89900000 ---p 00000000 00:00 0 
89900000-89afe000 rw-p 00000000 00:00 0 
89afe000-89b00000 ---p 00000000 00:00 0 
89b00000-89bfe000 rw-p 00000000 00:00 0 
89bfe000-89c00000 ---p 00000000 00:00 0 
89c00000-89cfd000 rw-p 00000000 00:00 0 
89cfd000-89d00000 ---p 00000000 00:00 0 
89d00000-89e00000 rw-p 00000000 00:00 0 
89e00000-89efb000 rw-p 00000000 00:00 0 
89efb000-89f00000 ---p 00000000 00:00 0 
89f00000-89fc2000 rw-p 00000000 00:00 0 
89fc2000-8a000000 ---p 00000000 00:00 0 
8a000000-8a0fe000 rw-p 00000000 00:00 0 
8a0fe000-8a100000 ---p 00000000 00:00 0 
8a100000-8a1fa000 rw-p 00000000 00:00 0 
8a1fa000-8a200000 ---p 00000000 00:00 0 
8a200000-8a2fd000 rw-p 00000000 00:00 0 
8a2fd000-8a300000 ---p 00000000 00:00 0 
8a300000-8a400000 rw-p 00000000 00:00 0 
8a400000-8a4fa000 rw-p 00000000 00:00 0 
8a4fa000-8a500000 ---p 00000000 00:00 0 
8a500000-8a5ff000 rw-p 00000000 00:00 0 
8a5ff000-8a600000 ---p 00000000 00:00 0 
8a60d000-8a610000 ---p 00000000 00:00 0 
8a610000-8a65e000 rw-p 00000000 00:00 0          [stack:4972]
8a65e000-8a661000 ---p 00000000 00:00 0 
8a661000-8a6af000 rw-p 00000000 00:00 0          [stack:4931]
8a6af000-8a6b2000 ---p 00000000 00:00 0 
8a6b2000-8a700000 rw-p 00000000 00:00 0          [stack:5259]
8a700000-8a800000 rw-p 00000000 00:00 0 
8a800000-8a8fe000 rw-p 00000000 00:00 0 
8a8fe000-8a900000 ---p 00000000 00:00 0 
8a900000-8a9f9000 rw-p 00000000 00:00 0 
8a9f9000-8aa00000 ---p 00000000 00:00 0 
8aa00000-8ab00000 rw-p 00000000 00:00 0 
8ab0d000-8ab10000 ---p 00000000 00:00 0 
8ab10000-8ab5e000 rw-p 00000000 00:00 0          [stack:4926]
8ab5e000-8ab61000 ---p 00000000 00:00 0 
8ab61000-8abaf000 rw-p 00000000 00:00 0          [stack:5338]
8abaf000-8abb2000 ---p 00000000 00:00 0 
8abb2000-8ac00000 rw-p 00000000 00:00 0          [stack:5218]
8ac00000-8ac4a000 rw-p 00000000 00:00 0 
8ac4a000-8ad00000 ---p 00000000 00:00 0 
8ad36000-8ad39000 ---p 00000000 00:00 0 
8ad39000-8ad87000 rw-p 00000000 00:00 0          [stack:4707]
8ad87000-8ae00000 r--s 00576000 08:01 178234     /home/jeff/workspace/LONI-WebST/LONI Pipeline Server Terminal/war/WEB-INF/lib/gwt-servlet.jar
8ae00000-8aeff000 rw-p 00000000 00:00 0 
8aeff000-8af00000 ---p 00000000 00:00 0 
8af3c000-8b000000 r--s 01de6000 08:01 178225     /home/jeff/workspace/LONI-WebST/LONI Pipeline Server Terminal/war/WEB-INF/lib/appengine-api-1.0-sdk-1.7.7.1.jar
8b000000-8b100000 rw-p 00000000 00:00 0 
8b10c000-8b13c000 r--s 00ac1000 08:01 178221     /home/jeff/workspace/LONI-WebST/LONI Pipeline Server Terminal/war/WEB-INF/lib/appengine-api-labs.jar
8b13c000-8b200000 r--s 01de6000 08:01 167282     /home/jeff/eclipse/plugins/com.google.appengine.eclipse.sdkbundle_1.7.7.1/appengine-java-sdk-1.7.7.1/lib/impl/appengine-api.jar
8b200000-8b2ff000 rw-p 00000000 00:00 0 
8b2ff000-8b300000 ---p 00000000 00:00 0 
8b312000-8b344000 r--s 00551000 08:01 178222     /home/jeff/workspace/LONI-WebST/LONI Pipeline Server Terminal/war/WEB-INF/lib/appengine-endpoints.jar
8b344000-8b35e000 r--s 001be000 08:01 178227     /home/jeff/workspace/LONI-WebST/LONI Pipeline Server Terminal/war/WEB-INF/lib/datanucleus-core-1.1.5.jar
8b35e000-8b3ad000 r--s 00469000 08:01 167285     /home/jeff/eclipse/plugins/com.google.appengine.eclipse.sdkbundle_1.7.7.1/appengine-java-sdk-1.7.7.1/lib/impl/google_sql.jar
8b3ad000-8b400000 r--s 00bd7000 08:01 167283     /home/jeff/eclipse/plugins/com.google.appengine.eclipse.sdkbundle_1.7.7.1/appengine-java-sdk-1.7.7.1/lib/impl/appengine-api-stubs.jar
8b400000-8b4f7000 rw-p 00000000 00:00 0 
8b4f7000-8b500000 ---p 00000000 00:00 0 
8b500000-8b600000 rw-p 00000000 00:00 0 
8b600000-8b6e1000 rw-p 00000000 00:00 0 
8b6e1000-8b700000 ---p 00000000 00:00 0 
8b70d000-8b710000 ---p 00000000 00:00 0 
8b710000-8b75e000 rw-p 00000000 00:00 0          [stack:5408]
8b75e000-8b761000 ---p 00000000 00:00 0 
8b761000-8b7af000 rw-p 00000000 00:00 0          [stack:5131]
8b7af000-8b7b2000 ---p 00000000 00:00 0 
8b7b2000-8b800000 rw-p 00000000 00:00 0          [stack:4779]
8b800000-8b8f9000 rw-p 00000000 00:00 0 
8b8f9000-8b900000 ---p 00000000 00:00 0 
8b900000-8b9ff000 rw-p 00000000 00:00 0 
8b9ff000-8ba00000 ---p 00000000 00:00 0 
8ba00000-8bafd000 rw-p 00000000 00:00 0 
8bafd000-8bb00000 ---p 00000000 00:00 0 
8bb11000-8bb41000 r--s 00ac1000 08:01 167284     /home/jeff/eclipse/plugins/com.google.appengine.eclipse.sdkbundle_1.7.7.1/appengine-java-sdk-1.7.7.1/lib/impl/appengine-api-labs.jar
8bb41000-8bbaf000 r--s 00f2d000 08:01 167286     /home/jeff/eclipse/plugins/com.google.appengine.eclipse.sdkbundle_1.7.7.1/appengine-java-sdk-1.7.7.1/lib/impl/appengine-local-runtime.jar
8bbaf000-8bbb2000 ---p 00000000 00:00 0 
8bbb2000-8bc00000 rw-p 00000000 00:00 0          [stack:4720]
8bc00000-8bcfe000 rw-p 00000000 00:00 0 
8bcfe000-8bd00000 ---p 00000000 00:00 0 
8bd0b000-8bd0d000 rw-p 00000000 00:00 0 
8bd0d000-8bd10000 ---p 00000000 00:00 0 
8bd10000-8bd5e000 rw-p 00000000 00:00 0          [stack:4701]
8bd5e000-8bd61000 ---p 00000000 00:00 0 
8bd61000-8bdaf000 rw-p 00000000 00:00 0          [stack:4700]
8bdaf000-8bdb2000 ---p 00000000 00:00 0 
8bdb2000-8be00000 rw-p 00000000 00:00 0          [stack:4706]
8be00000-8bef8000 rw-p 00000000 00:00 0 
8bef8000-8bf00000 ---p 00000000 00:00 0 
8bf00000-8bf01000 rw-p 00000000 00:00 0 
8bf01000-8bf03000 r--s 0002e000 08:01 167382     /home/jeff/eclipse/plugins/com.google.appengine.eclipse.sdkbundle_1.7.7.1/appengine-java-sdk-1.7.7.1/lib/opt/tools/appengine-local-endpoints/v1/appengine-local-endpoints.jar
8bf03000-8bf06000 r--s 0000a000 08:01 178231     /home/jeff/workspace/LONI-WebST/LONI Pipeline Server Terminal/war/WEB-INF/lib/geronimo-jpa_3.0_spec-1.1.1.jar
8bf06000-8bf0d000 r--s 00047000 08:01 178228     /home/jeff/workspace/LONI-WebST/LONI Pipeline Server Terminal/war/WEB-INF/lib/datanucleus-appengine-1.0.10.final.jar
8bf0d000-8bf10000 ---p 00000000 00:00 0 
8bf10000-8bf5e000 rw-p 00000000 00:00 0          [stack:4698]
8bf5e000-8bf61000 ---p 00000000 00:00 0 
8bf61000-8bfaf000 rw-p 00000000 00:00 0          [stack:5407]
8bfaf000-8bfb2000 ---p 00000000 00:00 0 
8bfb2000-8c000000 rw-p 00000000 00:00 0          [stack:4696]
8c000000-8c0fd000 rw-p 00000000 00:00 0 
8c0fd000-8c100000 ---p 00000000 00:00 0 
8c100000-8c101000 r--s 00001000 08:01 178224     /home/jeff/workspace/LONI-WebST/LONI Pipeline Server Terminal/war/WEB-INF/lib/jsr107cache-1.1.jar
8c101000-8c102000 r--s 00003000 08:01 178230     /home/jeff/workspace/LONI-WebST/LONI Pipeline Server Terminal/war/WEB-INF/lib/geronimo-jta_1.1_spec-1.1.1.jar
8c102000-8c106000 r--s 00022000 08:01 178229     /home/jeff/workspace/LONI-WebST/LONI Pipeline Server Terminal/war/WEB-INF/lib/datanucleus-jpa-1.1.5.jar
8c106000-8c10c000 r--s 0002a000 08:01 178226     /home/jeff/workspace/LONI-WebST/LONI Pipeline Server Terminal/war/WEB-INF/lib/jdo2-api-2.3-eb.jar
8c10c000-8c115000 r--s 00058000 08:01 167319     /home/jeff/eclipse/plugins/com.google.appengine.eclipse.sdkbundle_1.7.7.1/appengine-java-sdk-1.7.7.1/lib/tools/jsp/repackaged-appengine-jakarta-standard-1.1.2.jar
8c115000-8c128000 r-xp 00000000 08:01 12321016   /lib/i386-linux-gnu/libresolv-2.17.so
8c128000-8c129000 r--p 00013000 08:01 12321016   /lib/i386-linux-gnu/libresolv-2.17.so
8c129000-8c12a000 rw-p 00014000 08:01 12321016   /lib/i386-linux-gnu/libresolv-2.17.so
8c12a000-8c12c000 rw-p 00000000 00:00 0 
8c12c000-8c12f000 ---p 00000000 00:00 0 
8c12f000-8c17d000 rw-p 00000000 00:00 0          [stack:4695]
8c17d000-8c17e000 ---p 00000000 00:00 0 
8c17e000-8c1fe000 rw-p 00000000 00:00 0          [stack:4692]
8c1fe000-8c201000 ---p 00000000 00:00 0 
8c201000-8c27f000 rw-p 00000000 00:00 0          [stack:4690]
8c27f000-8c282000 ---p 00000000 00:00 0 
8c282000-8c300000 rw-p 00000000 00:00 0          [stack:4689]
8c300000-8c400000 rw-p 00000000 00:00 0 
8c400000-8c402000 r--s 00014000 08:01 167288     /home/jeff/eclipse/plugins/com.google.appengine.eclipse.sdkbundle_1.7.7.1/appengine-java-sdk-1.7.7.1/lib/impl/agent/appengine-agentruntime.jar
8c402000-8c404000 r--s 00004000 08:01 167316     /home/jeff/eclipse/plugins/com.google.appengine.eclipse.sdkbundle_1.7.7.1/appengine-java-sdk-1.7.7.1/lib/tools/jsp/repackaged-appengine-jakarta-jstl-1.1.2.jar
8c404000-8c410000 r--s 00152000 08:01 167318     /home/jeff/eclipse/plugins/com.google.appengine.eclipse.sdkbundle_1.7.7.1/appengine-java-sdk-1.7.7.1/lib/tools/jsp/repackaged-appengine-jasper-jdt-6.0.29.jar
8c410000-8c41e000 r-xp 00000000 08:01 12985952   /usr/lib/jvm/java-7-oracle/jre/lib/i386/libnio.so
8c41e000-8c41f000 rw-p 0000e000 08:01 12985952   /usr/lib/jvm/java-7-oracle/jre/lib/i386/libnio.so
8c41f000-8c422000 ---p 00000000 00:00 0 
8c422000-8c470000 rw-p 00000000 00:00 0          [stack:4691]
8c470000-8c55e000 r--s 003e4000 08:01 182234     /home/jeff/workspace/LONI-WebST/LONI Pipeline Server Terminal/war/WEB-INF/lib/smartgwt-skins.jar
8c55e000-8c603000 r--s 008b4000 08:01 178159     /home/jeff/workspace/LONI-WebST/LONI Pipeline Server Terminal/war/WEB-INF/lib/smartgwt.jar
8c603000-8c64a000 rw-p 00000000 00:00 0 
8c64a000-8c805000 r--s 01e99000 08:01 167397     /home/jeff/eclipse/plugins/com.google.gwt.eclipse.sdkbundle_2.5.1/gwt-2.5.1/gwt-dev.jar
8c805000-8c90a000 r--s 01a68000 08:01 167412     /home/jeff/eclipse/plugins/com.google.gwt.eclipse.sdkbundle_2.5.1/gwt-2.5.1/gwt-user.jar
8c90a000-8c9ce000 r--s 01de6000 08:01 167293     /home/jeff/eclipse/plugins/com.google.appengine.eclipse.sdkbundle_1.7.7.1/appengine-java-sdk-1.7.7.1/lib/user/appengine-api-1.0-sdk-1.7.7.1.jar
8c9ce000-8ca00000 r--s 00551000 08:01 167353     /home/jeff/eclipse/plugins/com.google.appengine.eclipse.sdkbundle_1.7.7.1/appengine-java-sdk-1.7.7.1/lib/opt/user/appengine-endpoints/v1/appengine-endpoints.jar
8ca00000-8caf4000 rw-p 00000000 00:00 0 
8caf4000-8cb00000 ---p 00000000 00:00 0 
8cb00000-8cb01000 r--s 00001000 08:01 178223     /home/jeff/workspace/LONI-WebST/LONI Pipeline Server Terminal/war/WEB-INF/lib/appengine-jsr107cache-1.7.7.1.jar
8cb01000-8cb06000 r-xp 00000000 08:01 12321020   /lib/i386-linux-gnu/libnss_dns-2.17.so
8cb06000-8cb07000 r--p 00004000 08:01 12321020   /lib/i386-linux-gnu/libnss_dns-2.17.so
8cb07000-8cb08000 rw-p 00005000 08:01 12321020   /lib/i386-linux-gnu/libnss_dns-2.17.so
8cb08000-8cb0a000 r-xp 00000000 08:01 12320807   /lib/libnss_mdns4_minimal.so.2
8cb0a000-8cb0b000 r--p 00001000 08:01 12320807   /lib/libnss_mdns4_minimal.so.2
8cb0b000-8cb0c000 rw-p 00002000 08:01 12320807   /lib/libnss_mdns4_minimal.so.2
8cb0c000-8cb16000 r--s 00254000 08:01 12851349   /usr/lib/jvm/java-7-oracle/jre/lib/resources.jar
8cb16000-8cb17000 r--s 00003000 08:01 12851340   /usr/lib/jvm/java-7-oracle/jre/lib/ext/sunec.jar
8cb17000-8cb19000 r--s 00001000 08:01 12851339   /usr/lib/jvm/java-7-oracle/jre/lib/ext/dnsns.jar
8cb19000-8cb1c000 r--s 000f7000 08:01 12851337   /usr/lib/jvm/java-7-oracle/jre/lib/ext/localedata.jar
8cb1c000-8cb30000 r-xp 00000000 08:01 12986007   /usr/lib/jvm/java-7-oracle/jre/lib/i386/libnet.so
8cb30000-8cb31000 rw-p 00014000 08:01 12986007   /usr/lib/jvm/java-7-oracle/jre/lib/i386/libnet.so
8cb31000-8cbbc000 r--s 01126000 08:01 167277     /home/jeff/eclipse/plugins/com.google.appengine.eclipse.sdkbundle_1.7.7.1/appengine-java-sdk-1.7.7.1/lib/appengine-tools-api.jar
8cbbc000-8cbbf000 ---p 00000000 00:00 0 
8cbbf000-8cc0d000 rw-p 00000000 00:00 0          [stack:4686]
8cc0d000-8cc10000 ---p 00000000 00:00 0 
8cc10000-8cc5e000 rw-p 00000000 00:00 0          [stack:4685]
8cc5e000-8cc61000 ---p 00000000 00:00 0 
8cc61000-8ccaf000 rw-p 00000000 00:00 0          [stack:4682]
8ccaf000-8ccb2000 ---p 00000000 00:00 0 
8ccb2000-8cd00000 rw-p 00000000 00:00 0          [stack:4680]
8cd00000-8cdfa000 rw-p 00000000 00:00 0 
8cdfa000-8ce00000 ---p 00000000 00:00 0 
8ce00000-8ceff000 rw-p 00000000 00:00 0 
8ceff000-8cf00000 ---p 00000000 00:00 0 
8cf00000-8d000000 rw-p 00000000 00:00 0 
8d000000-8d004000 r--s 0002d000 08:01 12851336   /usr/lib/jvm/java-7-oracle/jre/lib/ext/sunjce_provider.jar
8d004000-8d008000 r--s 00037000 08:01 12851335   /usr/lib/jvm/java-7-oracle/jre/lib/ext/sunpkcs11.jar
8d008000-8d00c000 r--s 0008a000 08:01 12851365   /usr/lib/jvm/java-7-oracle/jre/lib/jsse.jar
8d00c000-8d00f000 r--s 00053000 08:01 167280     /home/jeff/eclipse/plugins/com.google.appengine.eclipse.sdkbundle_1.7.7.1/appengine-java-sdk-1.7.7.1/lib/agent/appengine-agentimpl.jar
8d00f000-8d014000 r--s 00034000 08:01 182223     /home/jeff/workspace/LONI-WebST/LONI Pipeline Server Terminal/war/WEB-INF/lib/commons-beanutils-1.8.3.jar
8d014000-8d022000 r--s 0007f000 08:01 182224     /home/jeff/workspace/LONI-WebST/LONI Pipeline Server Terminal/war/WEB-INF/lib/commons-collections-3.2.1.jar
8d022000-8d023000 ---p 00000000 00:00 0 
8d023000-8d0a3000 rw-p 00000000 00:00 0          [stack:4676]
8d0a3000-8d260000 r--s 039de000 08:01 12851380   /usr/lib/jvm/java-7-oracle/jre/lib/rt.jar
8d260000-8ea00000 rw-p 00000000 00:00 0 
8ea00000-8eafe000 rw-p 00000000 00:00 0 
8eafe000-8eb00000 ---p 00000000 00:00 0 
8eb00000-8eb01000 r--s 00010000 08:01 12851338   /usr/lib/jvm/java-7-oracle/jre/lib/ext/zipfs.jar
8eb01000-8eb04000 r--s 00013000 08:01 182229     /home/jeff/workspace/LONI-WebST/LONI Pipeline Server Terminal/war/WEB-INF/lib/ezmorph-1.0.6.jar
8eb04000-8eb06000 r--s 0000e000 08:01 182228     /home/jeff/workspace/LONI-WebST/LONI Pipeline Server Terminal/war/WEB-INF/lib/commons-logging-1.1.2.jar
8eb06000-8eb0b000 r--s 00041000 08:01 182227     /home/jeff/workspace/LONI-WebST/LONI Pipeline Server Terminal/war/WEB-INF/lib/commons-lang-2.6.jar
8eb0b000-8eb13000 r--s 00045000 08:01 182235     /home/jeff/workspace/LONI-WebST/LONI Pipeline Server Terminal/war/WEB-INF/lib/xom-1.2.9.jar
8eb13000-8eb16000 r--s 00024000 08:01 182231     /home/jeff/workspace/LONI-WebST/LONI Pipeline Server Terminal/war/WEB-INF/lib/json-lib-2.4-jdk15.jar
8eb16000-8eb1a000 r--s 0002a000 08:01 182226     /home/jeff/workspace/LONI-WebST/LONI Pipeline Server Terminal/war/WEB-INF/lib/commons-io-2.4.jar
8eb1a000-8eb26000 r--s 00053000 08:01 182230     /home/jeff/workspace/LONI-WebST/LONI Pipeline Server Terminal/war/WEB-INF/lib/gwt-charts-0.9.9.jar
8eb26000-8eb2e000 r--s 00051000 08:01 182232     /home/jeff/workspace/LONI-WebST/LONI Pipeline Server Terminal/war/WEB-INF/lib/org.moxieapps.gwt.highcharts-1.5.0.jar
8eb2e000-8eb31000 ---p 00000000 00:00 0 
8eb31000-8eb7f000 rw-p 00000000 00:00 0          [stack:4678]
8eb7f000-8eb80000 ---p 00000000 00:00 0 
8eb80000-8ec00000 rw-p 00000000 00:00 0          [stack:4675]
8ec00000-8ecfd000 rw-p 00000000 00:00 0 
8ecfd000-8ed00000 ---p 00000000 00:00 0 
8ed00000-8ed02000 r--s 0000f000 08:01 182225     /home/jeff/workspace/LONI-WebST/LONI Pipeline Server Terminal/war/WEB-INF/lib/commons-fileupload-1.3.jar
8ed02000-8ed05000 r--s 0001c000 08:01 182233     /home/jeff/workspace/LONI-WebST/LONI Pipeline Server Terminal/war/WEB-INF/lib/org.moxieapps.gwt.uploader-1.1.0.jar
8ed05000-8ed07000 r--s 00031000 08:01 178158     /home/jeff/workspace/LONI-WebST/LONI Pipeline Server Terminal/war/WEB-INF/lib/raphaelgwt-r42.jar
8ed07000-8ed0a000 r--s 00009000 08:01 167422     /home/jeff/eclipse/plugins/com.google.gwt.eclipse.sdkbundle_2.5.1/gwt-2.5.1/validation-api-1.0.0.GA.jar
8ed0a000-8ed0d000 r--s 0000a000 08:01 167347     /home/jeff/eclipse/plugins/com.google.appengine.eclipse.sdkbundle_1.7.7.1/appengine-java-sdk-1.7.7.1/lib/opt/user/datanucleus/v1/geronimo-jpa_3.0_spec-1.1.1.jar
8ed0d000-8ed14000 r--s 00047000 08:01 167345     /home/jeff/eclipse/plugins/com.google.appengine.eclipse.sdkbundle_1.7.7.1/appengine-java-sdk-1.7.7.1/lib/opt/user/datanucleus/v1/datanucleus-appengine-1.0.10.final.jar
8ed14000-8ed2e000 r--s 001be000 08:01 167350     /home/jeff/eclipse/plugins/com.google.appengine.eclipse.sdkbundle_1.7.7.1/appengine-java-sdk-1.7.7.1/lib/opt/user/datanucleus/v1/datanucleus-core-1.1.5.jar
8ed2e000-8ed31000 ---p 00000000 00:00 0 
8ed31000-8ed7f000 rw-p 00000000 00:00 0          [stack:4677]
8ed7f000-8ed80000 ---p 00000000 00:00 0 
8ed80000-8ee00000 rw-p 00000000 00:00 0          [stack:4674]
8ee00000-8eefb000 rw-p 00000000 00:00 0 
8eefb000-8ef00000 ---p 00000000 00:00 0 
8ef00000-8ef04000 r--s 00022000 08:01 167346     /home/jeff/eclipse/plugins/com.google.appengine.eclipse.sdkbundle_1.7.7.1/appengine-java-sdk-1.7.7.1/lib/opt/user/datanucleus/v1/datanucleus-jpa-1.1.5.jar
8ef04000-8ef34000 r--s 00ac1000 08:01 167360     /home/jeff/eclipse/plugins/com.google.appengine.eclipse.sdkbundle_1.7.7.1/appengine-java-sdk-1.7.7.1/lib/opt/user/appengine-api-labs/v1/appengine-api-labs.jar
8ef34000-8ef7f000 rw-p 00000000 00:00 0 
8ef7f000-8ef80000 ---p 00000000 00:00 0 
8ef80000-8f000000 rw-p 00000000 00:00 0          [stack:4673]
8f000000-8f0f9000 rw-p 00000000 00:00 0 
8f0f9000-8f100000 ---p 00000000 00:00 0 
8f100000-8f102000 r--s 0000e000 08:01 167405     /home/jeff/eclipse/plugins/com.google.gwt.eclipse.sdkbundle_2.5.1/gwt-2.5.1/validation-api-1.0.0.GA-sources.jar
8f102000-8f108000 r--s 0002a000 08:01 167349     /home/jeff/eclipse/plugins/com.google.appengine.eclipse.sdkbundle_1.7.7.1/appengine-java-sdk-1.7.7.1/lib/opt/user/datanucleus/v1/jdo2-api-2.3-eb.jar
8f108000-8f10f000 r--s 0007a000 08:01 167311     /home/jeff/eclipse/plugins/com.google.appengine.eclipse.sdkbundle_1.7.7.1/appengine-java-sdk-1.7.7.1/lib/shared/jsp/repackaged-appengine-jasper-6.0.29.jar
8f10f000-8f123000 r--s 0012b000 08:01 167312     /home/jeff/eclipse/plugins/com.google.appengine.eclipse.sdkbundle_1.7.7.1/appengine-java-sdk-1.7.7.1/lib/shared/jsp/repackaged-appengine-ant-1.7.1.jar
8f123000-8f124000 ---p 00000000 00:00 0 
8f124000-8f1c4000 rw-p 00000000 00:00 0          [stack:4672]
8f1c4000-8f26f000 rw-p 00000000 00:00 0 
8f26f000-8f28f000 rw-p 00000000 00:00 0 
8f28f000-8f339000 rw-p 00000000 00:00 0 
8f339000-8f38e000 rw-p 00000000 00:00 0 
8f38e000-8f38f000 ---p 00000000 00:00 0 
8f38f000-93390000 rw-p 00000000 00:00 0 
93390000-a88f0000 rw-p 00000000 00:00 0 
a88f0000-b30d0000 rw-p 00000000 00:00 0 
b30d0000-b3390000 ---p 00000000 00:00 0 
b3390000-b3391000 r--s 00008000 08:01 167279     /home/jeff/eclipse/plugins/com.google.appengine.eclipse.sdkbundle_1.7.7.1/appengine-java-sdk-1.7.7.1/lib/agent/appengine-agent.jar
b3391000-b33aa000 rw-p 00000000 00:00 0 
b33aa000-b3451000 rw-p 00000000 00:00 0 
b3451000-b3a79000 rwxp 00000000 00:00 0 
b3a79000-b6451000 rw-p 00000000 00:00 0 
b6451000-b6468000 r-xp 00000000 08:01 12985993   /usr/lib/jvm/java-7-oracle/jre/lib/i386/libzip.so
b6468000-b6469000 rw-p 00017000 08:01 12985993   /usr/lib/jvm/java-7-oracle/jre/lib/i386/libzip.so
b6469000-b6474000 r-xp 00000000 08:01 12321004   /lib/i386-linux-gnu/libnss_files-2.17.so
b6474000-b6475000 r--p 0000a000 08:01 12321004   /lib/i386-linux-gnu/libnss_files-2.17.so
b6475000-b6476000 rw-p 0000b000 08:01 12321004   /lib/i386-linux-gnu/libnss_files-2.17.so
b6476000-b6480000 r-xp 00000000 08:01 12321010   /lib/i386-linux-gnu/libnss_nis-2.17.so
b6480000-b6481000 r--p 00009000 08:01 12321010   /lib/i386-linux-gnu/libnss_nis-2.17.so
b6481000-b6482000 rw-p 0000a000 08:01 12321010   /lib/i386-linux-gnu/libnss_nis-2.17.so
b6482000-b6497000 r-xp 00000000 08:01 12321019   /lib/i386-linux-gnu/libnsl-2.17.so
b6497000-b6498000 r--p 00014000 08:01 12321019   /lib/i386-linux-gnu/libnsl-2.17.so
b6498000-b6499000 rw-p 00015000 08:01 12321019   /lib/i386-linux-gnu/libnsl-2.17.so
b6499000-b649b000 rw-p 00000000 00:00 0 
b649b000-b64a2000 r-xp 00000000 08:01 12321002   /lib/i386-linux-gnu/libnss_compat-2.17.so
b64a2000-b64a3000 r--p 00006000 08:01 12321002   /lib/i386-linux-gnu/libnss_compat-2.17.so
b64a3000-b64a4000 rw-p 00007000 08:01 12321002   /lib/i386-linux-gnu/libnss_compat-2.17.so
b64a4000-b66a4000 r--p 00000000 08:01 9175173    /usr/lib/locale/locale-archive
b66a4000-b66db000 r-xp 00000000 08:01 12985967   /usr/lib/jvm/java-7-oracle/jre/lib/i386/libjdwp.so
b66db000-b66dc000 rw-p 00037000 08:01 12985967   /usr/lib/jvm/java-7-oracle/jre/lib/i386/libjdwp.so
b66dc000-b66ff000 r-xp 00000000 08:01 12985968   /usr/lib/jvm/java-7-oracle/jre/lib/i386/libjava.so
b66ff000-b6700000 rw-p 00023000 08:01 12985968   /usr/lib/jvm/java-7-oracle/jre/lib/i386/libjava.so
b6700000-b67ff000 rw-p 00000000 00:00 0 
b67ff000-b6800000 ---p 00000000 00:00 0 
b6800000-b6801000 r--s 00003000 08:01 167348     /home/jeff/eclipse/plugins/com.google.appengine.eclipse.sdkbundle_1.7.7.1/appengine-java-sdk-1.7.7.1/lib/opt/user/datanucleus/v1/geronimo-jta_1.1_spec-1.1.1.jar
b6801000-b6802000 r--s 00001000 08:01 167356     /home/jeff/eclipse/plugins/com.google.appengine.eclipse.sdkbundle_1.7.7.1/appengine-java-sdk-1.7.7.1/lib/opt/user/jsr107/v1/jsr107cache-1.1.jar
b6802000-b6803000 r--s 00001000 08:01 167357     /home/jeff/eclipse/plugins/com.google.appengine.eclipse.sdkbundle_1.7.7.1/appengine-java-sdk-1.7.7.1/lib/opt/user/jsr107/v1/appengine-jsr107cache-1.7.7.1.jar
b6803000-b6805000 r--s 00006000 08:01 167306     /home/jeff/eclipse/plugins/com.google.appengine.eclipse.sdkbundle_1.7.7.1/appengine-java-sdk-1.7.7.1/lib/shared/el-api.jar
b6805000-b6808000 r--s 00018000 08:01 167310     /home/jeff/eclipse/plugins/com.google.appengine.eclipse.sdkbundle_1.7.7.1/appengine-java-sdk-1.7.7.1/lib/shared/jsp/repackaged-appengine-jasper-el-6.0.29.jar
b6808000-b6809000 r--s 00002000 08:01 167313     /home/jeff/eclipse/plugins/com.google.appengine.eclipse.sdkbundle_1.7.7.1/appengine-java-sdk-1.7.7.1/lib/shared/jsp/repackaged-appengine-ant-launcher-1.7.1.jar
b6809000-b680b000 r--s 00011000 08:01 167305     /home/jeff/eclipse/plugins/com.google.appengine.eclipse.sdkbundle_1.7.7.1/appengine-java-sdk-1.7.7.1/lib/shared/jsp-api.jar
b680b000-b680f000 r--s 00091000 08:01 167303     /home/jeff/eclipse/plugins/com.google.appengine.eclipse.sdkbundle_1.7.7.1/appengine-java-sdk-1.7.7.1/lib/shared/appengine-local-runtime-shared.jar
b680f000-b6812000 r--s 00014000 08:01 167304     /home/jeff/eclipse/plugins/com.google.appengine.eclipse.sdkbundle_1.7.7.1/appengine-java-sdk-1.7.7.1/lib/shared/servlet-api.jar
b6812000-b6815000 r-xp 00000000 08:01 12985983   /usr/lib/jvm/java-7-oracle/jre/lib/i386/libdt_socket.so
b6815000-b6816000 rw-p 00003000 08:01 12985983   /usr/lib/jvm/java-7-oracle/jre/lib/i386/libdt_socket.so
b6816000-b681e000 rw-s 00000000 08:01 20185252   /tmp/hsperfdata_jeff/4665
b681e000-b6825000 r-xp 00000000 08:01 12320818   /lib/i386-linux-gnu/librt-2.17.so
b6825000-b6826000 r--p 00006000 08:01 12320818   /lib/i386-linux-gnu/librt-2.17.so
b6826000-b6827000 rw-p 00007000 08:01 12320818   /lib/i386-linux-gnu/librt-2.17.so
b6827000-b682a000 ---p 00000000 00:00 0 
b682a000-b6878000 rw-p 00000000 00:00 0          [stack:4667]
b6878000-b68b9000 r-xp 00000000 08:01 12321003   /lib/i386-linux-gnu/libm-2.17.so
b68b9000-b68ba000 r--p 00040000 08:01 12321003   /lib/i386-linux-gnu/libm-2.17.so
b68ba000-b68bb000 rw-p 00041000 08:01 12321003   /lib/i386-linux-gnu/libm-2.17.so
b68bb000-b7076000 r-xp 00000000 08:01 12985996   /usr/lib/jvm/java-7-oracle/jre/lib/i386/server/libjvm.so
b7076000-b70c8000 rw-p 007bb000 08:01 12985996   /usr/lib/jvm/java-7-oracle/jre/lib/i386/server/libjvm.so
b70c8000-b74eb000 rw-p 00000000 00:00 0 
b74eb000-b7698000 r-xp 00000000 08:01 12321005   /lib/i386-linux-gnu/libc-2.17.so
b7698000-b769a000 r--p 001ad000 08:01 12321005   /lib/i386-linux-gnu/libc-2.17.so
b769a000-b769b000 rw-p 001af000 08:01 12321005   /lib/i386-linux-gnu/libc-2.17.so
b769b000-b769e000 rw-p 00000000 00:00 0 
b769e000-b76a1000 r-xp 00000000 08:01 12321014   /lib/i386-linux-gnu/libdl-2.17.so
b76a1000-b76a2000 r--p 00002000 08:01 12321014   /lib/i386-linux-gnu/libdl-2.17.so
b76a2000-b76a3000 rw-p 00003000 08:01 12321014   /lib/i386-linux-gnu/libdl-2.17.so
b76a3000-b76b6000 r-xp 00000000 08:01 12985976   /usr/lib/jvm/java-7-oracle/jre/lib/i386/jli/libjli.so
b76b6000-b76b7000 rw-p 00012000 08:01 12985976   /usr/lib/jvm/java-7-oracle/jre/lib/i386/jli/libjli.so
b76b7000-b76b8000 rw-p 00000000 00:00 0 
b76b8000-b76cf000 r-xp 00000000 08:01 12321009   /lib/i386-linux-gnu/libpthread-2.17.so
b76cf000-b76d0000 r--p 00016000 08:01 12321009   /lib/i386-linux-gnu/libpthread-2.17.so
b76d0000-b76d1000 rw-p 00017000 08:01 12321009   /lib/i386-linux-gnu/libpthread-2.17.so
b76d1000-b76d3000 rw-p 00000000 00:00 0 
b76d3000-b76d4000 r--s 00006000 08:01 167308     /home/jeff/eclipse/plugins/com.google.appengine.eclipse.sdkbundle_1.7.7.1/appengine-java-sdk-1.7.7.1/lib/shared/jsp/repackaged-appengine-tomcat-juli-6.0.29.jar
b76d4000-b76dd000 r-xp 00000000 08:01 12985980   /usr/lib/jvm/java-7-oracle/jre/lib/i386/libinstrument.so
b76dd000-b76de000 rw-p 00008000 08:01 12985980   /usr/lib/jvm/java-7-oracle/jre/lib/i386/libinstrument.so
b76de000-b76df000 r--p 002c5000 08:01 9175173    /usr/lib/locale/locale-archive
b76df000-b76e1000 r-xp 00000000 08:01 12986012   /usr/lib/jvm/java-7-oracle/jre/lib/i386/libnpt.so
b76e1000-b76e2000 rw-p 00002000 08:01 12986012   /usr/lib/jvm/java-7-oracle/jre/lib/i386/libnpt.so
b76e2000-b76e3000 rw-p 00000000 00:00 0 
b76e3000-b76e4000 r--p 00000000 00:00 0 
b76e4000-b76ef000 r-xp 00000000 08:01 12986013   /usr/lib/jvm/java-7-oracle/jre/lib/i386/libverify.so
b76ef000-b76f0000 rw-p 0000b000 08:01 12986013   /usr/lib/jvm/java-7-oracle/jre/lib/i386/libverify.so
b76f0000-b76f2000 rw-p 00000000 00:00 0 
b76f2000-b76f3000 r-xp 00000000 00:00 0          [vdso]
b76f3000-b7713000 r-xp 00000000 08:01 12321018   /lib/i386-linux-gnu/ld-2.17.so
b7713000-b7714000 r--p 0001f000 08:01 12321018   /lib/i386-linux-gnu/ld-2.17.so
b7714000-b7715000 rw-p 00020000 08:01 12321018   /lib/i386-linux-gnu/ld-2.17.so
bf800000-bf823000 rw-p 00000000 00:00 0          [stack]

VM Arguments:
jvm_args: -agentlib:jdwp=transport=dt_socket,suspend=y,address=localhost:37681 -Xmx512m -javaagent:/home/jeff/eclipse/plugins/com.google.appengine.eclipse.sdkbundle_1.7.7.1/appengine-java-sdk-1.7.7.1/lib/agent/appengine-agent.jar -Dfile.encoding=UTF-8 
java_command: com.google.gwt.dev.DevMode -remoteUI 57621:12534957471502 -startupUrl LONI_Pipeline_Server_Terminal.html -logLevel INFO -codeServerPort 9997 -port 8888 -server com.google.appengine.tools.development.gwt.AppEngineLauncher -war /home/jeff/workspace/LONI-WebST/LONI Pipeline Server Terminal/war edu.ucla.loni.pipeline.LONI_Pipeline_Server_Terminal
Launcher Type: SUN_STANDARD

Environment Variables:
JAVA_HOME=/usr/lib/jvm/java-7-oracle
PATH=/home/jeff/.rvm/gems/ruby-1.9.2-p320/bin:/home/jeff/.rvm/gems/ruby-1.9.2-p320@global/bin:/home/jeff/.rvm/rubies/ruby-1.9.2-p320/bin:/home/jeff/.rvm/bin:/usr/lib/lightdm/lightdm:/usr/local/sbin:/usr/local/bin:/usr/sbin:/usr/bin:/sbin:/bin:/usr/games:/usr/local/games:/usr/lib/jvm/java-7-oracle/bin:/usr/lib/jvm/java-7-oracle/db/bin:/usr/lib/jvm/java-7-oracle/jre/bin
LD_LIBRARY_PATH=/usr/lib/jvm/java-7-oracle/jre/lib/i386/server:/usr/lib/jvm/java-7-oracle/jre/lib/i386:/usr/lib/jvm/java-7-oracle/jre/../lib/i386:/usr/lib/jvm/java-7-oracle/jre/lib/i386/client:/usr/lib/jvm/java-7-oracle/jre/lib/i386:
SHELL=/bin/bash
DISPLAY=:0.0

Signal Handlers:
SIGSEGV: [libjvm.so+0x722ea0], sa_mask[0]=0x7ffbfeff, sa_flags=0x10000004
SIGBUS: [libjvm.so+0x722ea0], sa_mask[0]=0x7ffbfeff, sa_flags=0x10000004
SIGFPE: [libjvm.so+0x5dbc80], sa_mask[0]=0x7ffbfeff, sa_flags=0x10000004
SIGPIPE: [libjvm.so+0x5dbc80], sa_mask[0]=0x7ffbfeff, sa_flags=0x10000004
SIGXFSZ: [libjvm.so+0x5dbc80], sa_mask[0]=0x7ffbfeff, sa_flags=0x10000004
SIGILL: [libjvm.so+0x5dbc80], sa_mask[0]=0x7ffbfeff, sa_flags=0x10000004
SIGUSR1: SIG_DFL, sa_mask[0]=0x00000000, sa_flags=0x00000000
SIGUSR2: [libjvm.so+0x5db560], sa_mask[0]=0x00000004, sa_flags=0x10000004
SIGHUP: [libjvm.so+0x5ddb50], sa_mask[0]=0x7ffbfeff, sa_flags=0x10000004
SIGINT: [libjvm.so+0x5ddb50], sa_mask[0]=0x7ffbfeff, sa_flags=0x10000004
SIGTERM: [libjvm.so+0x5ddb50], sa_mask[0]=0x7ffbfeff, sa_flags=0x10000004
SIGQUIT: [libjvm.so+0x5ddb50], sa_mask[0]=0x7ffbfeff, sa_flags=0x10000004


---------------  S Y S T E M  ---------------

OS:wheezy/sid

uname:Linux 3.8.0-19-generic #30-Ubuntu SMP Wed May 1 16:36:13 UTC 2013 i686
libc:glibc 2.17 NPTL 2.17 
rlimit: STACK 8192k, CORE 0k, NPROC 46595, NOFILE 4096, AS infinity
load average:1.26 0.68 0.57

/proc/meminfo:
MemTotal:        5980632 kB
MemFree:         1206668 kB
Buffers:          375044 kB
Cached:          1653108 kB
SwapCached:            0 kB
Active:          3115108 kB
Inactive:        1262012 kB
Active(anon):    2331680 kB
Inactive(anon):   121968 kB
Active(file):     783428 kB
Inactive(file):  1140044 kB
Unevictable:           0 kB
Mlocked:               0 kB
HighTotal:       5153392 kB
HighFree:        1130584 kB
LowTotal:         827240 kB
LowFree:           76084 kB
SwapTotal:       6063100 kB
SwapFree:        6063100 kB
Dirty:               300 kB
Writeback:             0 kB
AnonPages:       2349836 kB
Mapped:           175836 kB
Shmem:            104420 kB
Slab:             358348 kB
SReclaimable:     338168 kB
SUnreclaim:        20180 kB
KernelStack:        4176 kB
PageTables:        12540 kB
NFS_Unstable:          0 kB
Bounce:                0 kB
WritebackTmp:          0 kB
CommitLimit:     9053416 kB
Committed_AS:    4192864 kB
VmallocTotal:     122880 kB
VmallocUsed:       16592 kB
VmallocChunk:     104720 kB
HardwareCorrupted:     0 kB
AnonHugePages:         0 kB
HugePages_Total:       0
HugePages_Free:        0
HugePages_Rsvd:        0
HugePages_Surp:        0
Hugepagesize:       2048 kB
DirectMap4k:       10232 kB
DirectMap2M:      903168 kB


CPU:total 4 (2 cores per cpu, 2 threads per core) family 6 model 42 stepping 7, cmov, cx8, fxsr, mmx, sse, sse2, sse3, ssse3, sse4.1, sse4.2, popcnt, avx, ht, tsc, tscinvbit

/proc/cpuinfo:
processor	: 0
vendor_id	: GenuineIntel
cpu family	: 6
model		: 42
model name	: Intel(R) Core(TM) i5-2410M CPU @ 2.30GHz
stepping	: 7
microcode	: 0x23
cpu MHz		: 2300.000
cache size	: 3072 KB
physical id	: 0
siblings	: 4
core id		: 0
cpu cores	: 2
apicid		: 0
initial apicid	: 0
fdiv_bug	: no
hlt_bug		: no
f00f_bug	: no
coma_bug	: no
fpu		: yes
fpu_exception	: yes
cpuid level	: 13
wp		: yes
flags		: fpu vme de pse tsc msr pae mce cx8 apic sep mtrr pge mca cmov pat pse36 clflush dts acpi mmx fxsr sse sse2 ss ht tm pbe nx rdtscp lm constant_tsc arch_perfmon pebs bts xtopology nonstop_tsc aperfmperf eagerfpu pni pclmulqdq dtes64 monitor ds_cpl vmx est tm2 ssse3 cx16 xtpr pdcm pcid sse4_1 sse4_2 x2apic popcnt tsc_deadline_timer xsave avx lahf_lm ida arat epb xsaveopt pln pts dtherm tpr_shadow vnmi flexpriority ept vpid
bogomips	: 4589.47
clflush size	: 64
cache_alignment	: 64
address sizes	: 36 bits physical, 48 bits virtual
power management:

processor	: 1
vendor_id	: GenuineIntel
cpu family	: 6
model		: 42
model name	: Intel(R) Core(TM) i5-2410M CPU @ 2.30GHz
stepping	: 7
microcode	: 0x23
cpu MHz		: 2300.000
cache size	: 3072 KB
physical id	: 0
siblings	: 4
core id		: 1
cpu cores	: 2
apicid		: 2
initial apicid	: 2
fdiv_bug	: no
hlt_bug		: no
f00f_bug	: no
coma_bug	: no
fpu		: yes
fpu_exception	: yes
cpuid level	: 13
wp		: yes
flags		: fpu vme de pse tsc msr pae mce cx8 apic sep mtrr pge mca cmov pat pse36 clflush dts acpi mmx fxsr sse sse2 ss ht tm pbe nx rdtscp lm constant_tsc arch_perfmon pebs bts xtopology nonstop_tsc aperfmperf eagerfpu pni pclmulqdq dtes64 monitor ds_cpl vmx est tm2 ssse3 cx16 xtpr pdcm pcid sse4_1 sse4_2 x2apic popcnt tsc_deadline_timer xsave avx lahf_lm ida arat epb xsaveopt pln pts dtherm tpr_shadow vnmi flexpriority ept vpid
bogomips	: 4589.47
clflush size	: 64
cache_alignment	: 64
address sizes	: 36 bits physical, 48 bits virtual
power management:

processor	: 2
vendor_id	: GenuineIntel
cpu family	: 6
model		: 42
model name	: Intel(R) Core(TM) i5-2410M CPU @ 2.30GHz
stepping	: 7
microcode	: 0x23
cpu MHz		: 2301.000
cache size	: 3072 KB
physical id	: 0
siblings	: 4
core id		: 0
cpu cores	: 2
apicid		: 1
initial apicid	: 1
fdiv_bug	: no
hlt_bug		: no
f00f_bug	: no
coma_bug	: no
fpu		: yes
fpu_exception	: yes
cpuid level	: 13
wp		: yes
flags		: fpu vme de pse tsc msr pae mce cx8 apic sep mtrr pge mca cmov pat pse36 clflush dts acpi mmx fxsr sse sse2 ss ht tm pbe nx rdtscp lm constant_tsc arch_perfmon pebs bts xtopology nonstop_tsc aperfmperf eagerfpu pni pclmulqdq dtes64 monitor ds_cpl vmx est tm2 ssse3 cx16 xtpr pdcm pcid sse4_1 sse4_2 x2apic popcnt tsc_deadline_timer xsave avx lahf_lm ida arat epb xsaveopt pln pts dtherm tpr_shadow vnmi flexpriority ept vpid
bogomips	: 4589.47
clflush size	: 64
cache_alignment	: 64
address sizes	: 36 bits physical, 48 bits virtual
power management:

processor	: 3
vendor_id	: GenuineIntel
cpu family	: 6
model		: 42
model name	: Intel(R) Core(TM) i5-2410M CPU @ 2.30GHz
stepping	: 7
microcode	: 0x23
cpu MHz		: 1400.000
cache size	: 3072 KB
physical id	: 0
siblings	: 4
core id		: 1
cpu cores	: 2
apicid		: 3
initial apicid	: 3
fdiv_bug	: no
hlt_bug		: no
f00f_bug	: no
coma_bug	: no
fpu		: yes
fpu_exception	: yes
cpuid level	: 13
wp		: yes
flags		: fpu vme de pse tsc msr pae mce cx8 apic sep mtrr pge mca cmov pat pse36 clflush dts acpi mmx fxsr sse sse2 ss ht tm pbe nx rdtscp lm constant_tsc arch_perfmon pebs bts xtopology nonstop_tsc aperfmperf eagerfpu pni pclmulqdq dtes64 monitor ds_cpl vmx est tm2 ssse3 cx16 xtpr pdcm pcid sse4_1 sse4_2 x2apic popcnt tsc_deadline_timer xsave avx lahf_lm ida arat epb xsaveopt pln pts dtherm tpr_shadow vnmi flexpriority ept vpid
bogomips	: 4589.47
clflush size	: 64
cache_alignment	: 64
address sizes	: 36 bits physical, 48 bits virtual
power management:



Memory: 4k page, physical 5980632k(1206668k free), swap 6063100k(6063100k free)

vm_info: Java HotSpot(TM) Server VM (23.21-b01) for linux-x86 JRE (1.7.0_21-b11), built on Apr  4 2013 04:20:11 by "java_re" with gcc 4.3.0 20080428 (Red Hat 4.3.0-8)

time: Mon May 20 22:38:26 2013
elapsed time: 1060 seconds

